TN:
SF:src\config.ts
FN:17,validateConfig
FNF:1
FNH:0
FNDA:0,validateConfig
DA:1,1
DA:4,1
DA:6,1
DA:17,1
DA:18,0
DA:19,0
DA:21,0
DA:22,0
DA:24,0
DA:27,1
LF:10
LH:5
BRDA:7,0,0,1
BRDA:7,0,1,1
BRDA:8,1,0,1
BRDA:8,1,1,1
BRDA:9,2,0,1
BRDA:9,2,1,1
BRDA:10,3,0,1
BRDA:10,3,1,1
BRDA:11,4,0,1
BRDA:11,4,1,1
BRDA:12,5,0,1
BRDA:12,5,1,1
BRDA:13,6,0,1
BRDA:13,6,1,1
BRDA:14,7,0,1
BRDA:14,7,1,0
BRDA:18,8,0,0
BRDA:21,9,0,0
BRF:18
BRH:15
end_of_record
TN:
SF:src\index.ts
FN:21,(anonymous_4)
FN:41,(anonymous_5)
FN:48,(anonymous_6)
FN:58,(anonymous_7)
FN:73,(anonymous_8)
FN:95,(anonymous_9)
FN:137,(anonymous_10)
FN:144,(anonymous_11)
FN:145,(anonymous_12)
FN:146,(anonymous_13)
FN:147,(anonymous_14)
FN:148,(anonymous_15)
FN:149,(anonymous_16)
FN:150,(anonymous_17)
FN:151,(anonymous_18)
FNF:15
FNH:0
FNDA:0,(anonymous_4)
FNDA:0,(anonymous_5)
FNDA:0,(anonymous_6)
FNDA:0,(anonymous_7)
FNDA:0,(anonymous_8)
FNDA:0,(anonymous_9)
FNDA:0,(anonymous_10)
FNDA:0,(anonymous_11)
FNDA:0,(anonymous_12)
FNDA:0,(anonymous_13)
FNDA:0,(anonymous_14)
FNDA:0,(anonymous_15)
FNDA:0,(anonymous_16)
FNDA:0,(anonymous_17)
FNDA:0,(anonymous_18)
DA:1,1
DA:2,1
DA:3,1
DA:4,1
DA:5,1
DA:6,1
DA:7,1
DA:8,1
DA:9,1
DA:14,1
DA:22,0
DA:25,0
DA:26,0
DA:27,0
DA:28,0
DA:29,0
DA:31,0
DA:42,0
DA:45,0
DA:48,0
DA:49,0
DA:52,0
DA:59,0
DA:62,0
DA:65,0
DA:67,0
DA:74,0
DA:75,0
DA:77,0
DA:79,0
DA:85,0
DA:88,0
DA:89,0
DA:92,0
DA:95,0
DA:97,0
DA:101,0
DA:108,0
DA:111,0
DA:114,0
DA:116,0
DA:118,0
DA:119,0
DA:122,0
DA:127,0
DA:130,0
DA:138,0
DA:143,1
DA:144,1
DA:145,1
DA:146,1
DA:147,1
DA:148,1
DA:149,1
DA:150,1
DA:151,1
DA:154,1
LF:57
LH:20
BRDA:118,0,0,0
BRDA:118,0,1,0
BRF:2
BRH:0
end_of_record
TN:
SF:src\types.ts
FN:6,(anonymous_0)
FN:15,(anonymous_1)
FNF:2
FNH:2
FNDA:3,(anonymous_0)
FNDA:3,(anonymous_1)
DA:6,3
DA:7,3
DA:8,3
DA:9,3
DA:10,3
DA:11,3
DA:15,3
DA:16,3
DA:17,3
DA:18,3
LF:10
LH:10
BRDA:6,0,0,3
BRDA:6,0,1,3
BRDA:15,1,0,3
BRDA:15,1,1,3
BRF:4
BRH:4
end_of_record
TN:
SF:src\modules\callback-client.ts
FN:13,(anonymous_1)
FN:26,(anonymous_2)
FN:33,(anonymous_3)
FN:40,(anonymous_4)
FN:47,(anonymous_5)
FN:54,(anonymous_6)
FN:77,(anonymous_7)
FNF:7
FNH:7
FNDA:7,(anonymous_1)
FNDA:2,(anonymous_2)
FNDA:1,(anonymous_3)
FNDA:1,(anonymous_4)
FNDA:1,(anonymous_5)
FNDA:5,(anonymous_6)
FNDA:2,(anonymous_7)
DA:1,2
DA:3,2
DA:9,2
DA:14,7
DA:15,7
DA:27,2
DA:34,1
DA:41,1
DA:48,1
DA:55,5
DA:62,5
DA:63,5
DA:64,4
DA:66,1
DA:67,0
DA:69,1
DA:78,2
DA:79,2
DA:82,1
DA:84,1
DA:85,0
DA:87,1
DA:93,2
LF:23
LH:21
BRDA:66,0,0,0
BRDA:66,0,1,1
BRDA:84,1,0,0
BRDA:84,1,1,1
BRF:4
BRH:2
end_of_record
TN:
SF:src\modules\executor.ts
FN:13,(anonymous_0)
FN:20,(anonymous_1)
FN:24,(anonymous_2)
FN:45,(anonymous_3)
FN:55,(anonymous_4)
FN:61,(anonymous_5)
FN:71,(anonymous_6)
FN:87,(anonymous_7)
FN:105,(anonymous_8)
FN:106,(anonymous_9)
FN:113,(anonymous_10)
FN:117,(anonymous_11)
FN:121,(anonymous_12)
FNF:13
FNH:0
FNDA:0,(anonymous_0)
FNDA:0,(anonymous_1)
FNDA:0,(anonymous_2)
FNDA:0,(anonymous_3)
FNDA:0,(anonymous_4)
FNDA:0,(anonymous_5)
FNDA:0,(anonymous_6)
FNDA:0,(anonymous_7)
FNDA:0,(anonymous_8)
FNDA:0,(anonymous_9)
FNDA:0,(anonymous_10)
FNDA:0,(anonymous_11)
FNDA:0,(anonymous_12)
DA:1,1
DA:2,1
DA:3,1
DA:10,1
DA:14,0
DA:21,0
DA:22,0
DA:24,0
DA:26,0
DA:28,0
DA:29,0
DA:33,0
DA:34,0
DA:37,0
DA:42,0
DA:43,0
DA:45,0
DA:46,0
DA:47,0
DA:48,0
DA:50,0
DA:51,0
DA:55,0
DA:56,0
DA:57,0
DA:58,0
DA:61,0
DA:62,0
DA:63,0
DA:71,0
DA:72,0
DA:73,0
DA:75,0
DA:86,0
DA:87,0
DA:88,0
DA:89,0
DA:90,0
DA:91,0
DA:106,0
DA:107,0
DA:111,0
DA:113,0
DA:114,0
DA:117,0
DA:118,0
DA:121,0
DA:122,0
DA:126,0
DA:127,0
DA:132,1
LF:51
LH:5
BRDA:28,0,0,0
BRDA:33,1,0,0
BRDA:50,2,0,0
BRDA:72,3,0,0
BRDA:72,3,1,0
BRDA:78,4,0,0
BRDA:78,4,1,0
BRDA:79,5,0,0
BRDA:79,5,1,0
BRDA:80,6,0,0
BRDA:80,6,1,0
BRDA:86,7,0,0
BRDA:86,7,1,0
BRDA:88,8,0,0
BRF:14
BRH:0
end_of_record
TN:
SF:src\modules\hook-receiver.ts
FN:16,(anonymous_1)
FN:24,(anonymous_2)
FN:29,(anonymous_3)
FN:31,(anonymous_4)
FN:36,(anonymous_5)
FN:49,(anonymous_6)
FN:59,(anonymous_7)
FN:81,(anonymous_8)
FN:82,(anonymous_9)
FN:83,(anonymous_10)
FN:93,(anonymous_11)
FN:94,(anonymous_12)
FN:96,(anonymous_13)
FN:109,(anonymous_14)
FNF:14
FNH:4
FNDA:3,(anonymous_1)
FNDA:3,(anonymous_2)
FNDA:3,(anonymous_3)
FNDA:0,(anonymous_4)
FNDA:0,(anonymous_5)
FNDA:0,(anonymous_6)
FNDA:0,(anonymous_7)
FNDA:0,(anonymous_8)
FNDA:0,(anonymous_9)
FNDA:0,(anonymous_10)
FNDA:0,(anonymous_11)
FNDA:0,(anonymous_12)
FNDA:0,(anonymous_13)
FNDA:3,(anonymous_14)
DA:1,2
DA:3,2
DA:10,2
DA:14,3
DA:17,3
DA:18,3
DA:19,3
DA:20,3
DA:21,3
DA:25,3
DA:26,3
DA:31,3
DA:32,0
DA:36,3
DA:37,0
DA:38,0
DA:40,0
DA:43,0
DA:45,0
DA:49,3
DA:50,0
DA:51,0
DA:53,0
DA:55,0
DA:60,0
DA:62,0
DA:63,0
DA:65,0
DA:66,0
DA:68,0
DA:69,0
DA:71,0
DA:72,0
DA:74,0
DA:82,0
DA:83,0
DA:84,0
DA:85,0
DA:94,0
DA:95,0
DA:96,0
DA:97,0
DA:98,0
DA:101,0
DA:110,3
DA:111,2
DA:114,1
DA:115,1
DA:116,1
DA:121,2
LF:50
LH:20
BRDA:60,0,0,0
BRDA:60,0,1,0
BRDA:60,0,2,0
BRDA:60,0,3,0
BRDA:60,0,4,0
BRDA:95,1,0,0
BRDA:95,1,1,0
BRDA:110,2,0,2
BRDA:110,3,0,3
BRDA:110,3,1,2
BRDA:115,4,0,1
BRF:11
BRH:4
end_of_record
TN:
SF:src\modules\log-streamer.ts
FN:13,(anonymous_0)
FN:21,(anonymous_1)
FN:31,(anonymous_2)
FN:38,(anonymous_3)
FN:43,(anonymous_4)
FN:51,(anonymous_5)
FN:65,(anonymous_6)
FN:94,(anonymous_7)
FN:106,(anonymous_8)
FN:113,(anonymous_9)
FNF:10
FNH:9
FNDA:10,(anonymous_0)
FNDA:12,(anonymous_1)
FNDA:1,(anonymous_2)
FNDA:2,(anonymous_3)
FNDA:1,(anonymous_4)
FNDA:5,(anonymous_5)
FNDA:0,(anonymous_6)
FNDA:1,(anonymous_7)
FNDA:7,(anonymous_8)
FNDA:1,(anonymous_9)
DA:1,2
DA:7,2
DA:9,10
DA:10,10
DA:14,10
DA:15,10
DA:22,12
DA:25,12
DA:32,1
DA:39,2
DA:40,0
DA:43,2
DA:44,1
DA:52,5
DA:54,4
DA:55,4
DA:58,4
DA:59,0
DA:62,4
DA:66,0
DA:68,0
DA:69,0
DA:81,0
DA:82,0
DA:85,0
DA:86,0
DA:95,1
DA:97,1
DA:98,1
DA:99,1
DA:107,7
DA:114,1
DA:118,2
LF:33
LH:24
BRDA:38,0,0,0
BRDA:39,1,0,0
BRDA:52,2,0,1
BRDA:58,3,0,0
BRDA:66,4,0,0
BRDA:81,5,0,0
BRDA:85,6,0,0
BRDA:97,7,0,1
BRF:8
BRH:2
end_of_record
TN:
SF:src\modules\session-manager.ts
FN:14,(anonymous_0)
FN:32,(anonymous_1)
FN:39,(anonymous_2)
FN:51,(anonymous_3)
FN:65,(anonymous_4)
FN:79,(anonymous_5)
FN:93,(anonymous_6)
FN:100,(anonymous_7)
FN:101,(anonymous_8)
FN:107,(anonymous_9)
FNF:10
FNH:10
FNDA:18,(anonymous_0)
FNDA:7,(anonymous_1)
FNDA:3,(anonymous_2)
FNDA:6,(anonymous_3)
FNDA:2,(anonymous_4)
FNDA:3,(anonymous_5)
FNDA:2,(anonymous_6)
FNDA:1,(anonymous_7)
FNDA:3,(anonymous_8)
FNDA:1,(anonymous_9)
DA:2,2
DA:8,2
DA:9,14
DA:15,18
DA:24,18
DA:25,18
DA:26,18
DA:33,7
DA:40,3
DA:41,3
DA:42,3
DA:43,3
DA:44,3
DA:52,6
DA:53,6
DA:54,5
DA:55,5
DA:56,5
DA:57,5
DA:59,1
DA:66,2
DA:67,2
DA:68,1
DA:69,1
DA:70,1
DA:71,1
DA:73,1
DA:80,3
DA:81,3
DA:82,3
DA:83,3
DA:84,3
DA:85,3
DA:87,0
DA:94,2
DA:101,3
DA:108,1
DA:109,1
DA:110,1
DA:111,1
DA:112,1
DA:113,1
DA:119,2
LF:43
LH:42
BRDA:41,0,0,3
BRDA:53,1,0,5
BRDA:53,2,0,6
BRDA:53,2,1,6
BRDA:67,3,0,1
BRDA:67,4,0,2
BRDA:67,4,1,2
BRDA:81,5,0,3
BRDA:81,6,0,3
BRDA:81,6,1,3
BRDA:107,7,0,0
BRDA:111,8,0,1
BRDA:111,9,0,1
BRDA:111,9,1,1
BRF:14
BRH:13
end_of_record
TN:
SF:src\modules\task-poller.ts
FN:15,(anonymous_1)
FN:30,(anonymous_2)
FN:66,(anonymous_3)
FN:75,(anonymous_4)
FN:98,(anonymous_5)
FN:110,(anonymous_6)
FNF:6
FNH:6
FNDA:8,(anonymous_1)
FNDA:6,(anonymous_2)
FNDA:3,(anonymous_3)
FNDA:3,(anonymous_4)
FNDA:1,(anonymous_5)
FNDA:2,(anonymous_6)
DA:1,2
DA:3,2
DA:9,2
DA:12,8
DA:13,8
DA:16,8
DA:17,8
DA:31,6
DA:32,6
DA:34,6
DA:40,5
DA:42,5
DA:43,2
DA:44,2
DA:47,3
DA:48,0
DA:49,0
DA:52,3
DA:54,1
DA:55,0
DA:57,1
DA:59,1
DA:67,3
DA:68,0
DA:69,0
DA:72,3
DA:73,3
DA:75,3
DA:76,3
DA:78,3
DA:79,3
DA:80,3
DA:81,1
DA:84,0
DA:87,3
DA:88,2
DA:92,3
DA:99,1
DA:100,1
DA:101,0
DA:102,0
DA:104,1
DA:111,2
DA:112,2
DA:117,1
DA:119,1
DA:120,0
DA:122,1
DA:128,2
LF:49
LH:40
BRDA:42,0,0,2
BRDA:47,1,0,0
BRDA:54,2,0,0
BRDA:54,2,1,1
BRDA:67,3,0,0
BRDA:76,4,0,0
BRDA:80,5,0,1
BRDA:87,6,0,2
BRDA:100,7,0,0
BRDA:119,8,0,0
BRDA:119,8,1,1
BRF:11
BRH:5
end_of_record
TN:
SF:src\utils\logger.ts
FN:6,(anonymous_0)
FN:10,(anonymous_1)
FN:17,(anonymous_2)
FN:25,(anonymous_3)
FN:38,(anonymous_4)
FN:51,(anonymous_5)
FN:64,(anonymous_6)
FN:77,(anonymous_7)
FN:79,(anonymous_8)
FN:80,(anonymous_9)
FN:81,(anonymous_10)
FN:82,(anonymous_11)
FNF:12
FNH:8
FNDA:19,(anonymous_0)
FNDA:60,(anonymous_1)
FNDA:43,(anonymous_2)
FNDA:17,(anonymous_3)
FNDA:38,(anonymous_4)
FNDA:0,(anonymous_5)
FNDA:5,(anonymous_6)
FNDA:1,(anonymous_7)
FNDA:0,(anonymous_8)
FNDA:1,(anonymous_9)
FNDA:0,(anonymous_10)
FNDA:0,(anonymous_11)
DA:3,7
DA:7,19
DA:11,60
DA:12,60
DA:13,60
DA:14,60
DA:18,43
DA:19,43
DA:20,43
DA:21,43
DA:22,43
DA:26,17
DA:27,0
DA:35,0
DA:39,38
DA:40,38
DA:48,38
DA:52,0
DA:53,0
DA:61,0
DA:65,5
DA:66,5
DA:74,5
DA:78,1
DA:79,0
DA:80,1
DA:81,0
DA:82,0
DA:87,7
LF:29
LH:21
BRDA:6,0,0,8
BRDA:20,1,0,4
BRDA:21,2,0,1
BRDA:26,3,0,17
BRDA:39,4,0,0
BRDA:52,5,0,0
BRDA:65,6,0,0
BRF:7
BRH:4
end_of_record
